[35m[1mScanning dependencies of target roscpp_generate_messages_cpp[0m
[35m[1mScanning dependencies of target roscpp_generate_messages_nodejs[0m
[35m[1mScanning dependencies of target std_msgs_generate_messages_py[0m
[35m[1mScanning dependencies of target rosgraph_msgs_generate_messages_eus[0m
[35m[1mScanning dependencies of target roscpp_generate_messages_eus[0m
[35m[1mScanning dependencies of target std_msgs_generate_messages_eus[0m
[35m[1mScanning dependencies of target rosgraph_msgs_generate_messages_cpp[0m
[  0%] Built target roscpp_generate_messages_eus
[  0%] Built target std_msgs_generate_messages_py
[  0%] Built target rosgraph_msgs_generate_messages_cpp
[  0%] Built target std_msgs_generate_messages_eus
[  0%] Built target rosgraph_msgs_generate_messages_eus
[  0%] Built target roscpp_generate_messages_nodejs
[  0%] Built target roscpp_generate_messages_cpp
[35m[1mScanning dependencies of target rosgraph_msgs_generate_messages_py[0m
[35m[1mScanning dependencies of target rosgraph_msgs_generate_messages_lisp[0m
[35m[1mScanning dependencies of target roscpp_generate_messages_py[0m
[35m[1mScanning dependencies of target std_msgs_generate_messages_lisp[0m
[35m[1mScanning dependencies of target rosgraph_msgs_generate_messages_nodejs[0m
[35m[1mScanning dependencies of target roscpp_generate_messages_lisp[0m
[35m[1mScanning dependencies of target std_msgs_generate_messages_cpp[0m
[  0%] Built target roscpp_generate_messages_lisp
[  0%] Built target std_msgs_generate_messages_lisp
[  0%] Built target rosgraph_msgs_generate_messages_nodejs
[  0%] Built target std_msgs_generate_messages_cpp
[  0%] Built target rosgraph_msgs_generate_messages_lisp
[  0%] Built target rosgraph_msgs_generate_messages_py
[  0%] Built target roscpp_generate_messages_py
[35m[1mScanning dependencies of target std_msgs_generate_messages_nodejs[0m
[  0%] Built target std_msgs_generate_messages_nodejs
[35m[1mScanning dependencies of target message_logger[0m
[ 33%] [32mBuilding CXX object CMakeFiles/message_logger.dir/src/log/log_sentry.cpp.o[0m
[ 33%] [32mBuilding CXX object CMakeFiles/message_logger.dir/src/time/TimeStd.cpp.o[0m
[ 50%] [32mBuilding CXX object CMakeFiles/message_logger.dir/src/time/Time.cpp.o[0m
[01m[K/home/leon/Masterarbeit_Leon_Pinzner/ros_ws/src/message_logger-master/src/time/TimeStd.cpp:[m[K In member function ‘[01m[Kmessage_logger::time::TimeStd& message_logger::time::TimeStd::from(uint32_t, uint32_t)[m[K’:
[01m[K/home/leon/Masterarbeit_Leon_Pinzner/ros_ws/src/message_logger-master/src/time/TimeStd.cpp:103:33:[m[K [01;35m[Kwarning: [m[Kunused parameter ‘[01m[Ksec[m[K’ [[01;35m[K-Wunused-parameter[m[K]
  103 | TimeStd& TimeStd::from([01;35m[Kuint32_t sec[m[K, uint32_t nsec) {
      |                        [01;35m[K~~~~~~~~~^~~[m[K
[01m[K/home/leon/Masterarbeit_Leon_Pinzner/ros_ws/src/message_logger-master/src/time/TimeStd.cpp:103:47:[m[K [01;35m[Kwarning: [m[Kunused parameter ‘[01m[Knsec[m[K’ [[01;35m[K-Wunused-parameter[m[K]
  103 | TimeStd& TimeStd::from(uint32_t sec, [01;35m[Kuint32_t nsec[m[K) {
      |                                      [01;35m[K~~~~~~~~~^~~~[m[K
[ 66%] [32m[1mLinking CXX shared library /home/leon/Masterarbeit_Leon_Pinzner/ros_ws/devel/.private/message_logger/lib/libmessage_logger.so[0m
[ 66%] Built target message_logger
[35m[1mScanning dependencies of target demo[0m
[ 83%] [32mBuilding CXX object CMakeFiles/demo.dir/src/demo.cpp.o[0m
[100%] [32m[1mLinking CXX executable /home/leon/Masterarbeit_Leon_Pinzner/ros_ws/devel/.private/message_logger/lib/message_logger/demo[0m
[100%] Built target demo
